Release 13.2 - xst O.61xd (nt)
Copyright (c) 1995-2011 Xilinx, Inc.  All rights reserved.
--> Parameter TMPDIR set to xst/projnav.tmp


Total REAL time to Xst completion: 1.00 secs
Total CPU time to Xst completion: 0.44 secs
 
--> Parameter xsthdpdir set to xst


Total REAL time to Xst completion: 1.00 secs
Total CPU time to Xst completion: 0.44 secs
 
--> Reading design: TxAddr.prj

TABLE OF CONTENTS
  1) Synthesis Options Summary
  2) HDL Compilation
  3) Design Hierarchy Analysis
  4) HDL Analysis
  5) HDL Synthesis
     5.1) HDL Synthesis Report
  6) Advanced HDL Synthesis
     6.1) Advanced HDL Synthesis Report
  7) Low Level Synthesis
  8) Partition Report
  9) Final Report
	9.1) Device utilization summary
	9.2) Partition Resource Summary
	9.3) TIMING REPORT


=========================================================================
*                      Synthesis Options Summary                        *
=========================================================================
---- Source Parameters
Input File Name                    : "TxAddr.prj"
Input Format                       : mixed
Ignore Synthesis Constraint File   : NO

---- Target Parameters
Output File Name                   : "TxAddr"
Output Format                      : NGC
Target Device                      : xc3s500e-4-fg320

---- Source Options
Top Module Name                    : TxAddr
Automatic FSM Extraction           : YES
FSM Encoding Algorithm             : Auto
Safe Implementation                : No
FSM Style                          : LUT
RAM Extraction                     : Yes
RAM Style                          : Auto
ROM Extraction                     : Yes
Mux Style                          : Auto
Decoder Extraction                 : YES
Priority Encoder Extraction        : Yes
Shift Register Extraction          : YES
Logical Shifter Extraction         : YES
XOR Collapsing                     : YES
ROM Style                          : Auto
Mux Extraction                     : Yes
Resource Sharing                   : YES
Asynchronous To Synchronous        : NO
Multiplier Style                   : Auto
Automatic Register Balancing       : No

---- Target Options
Add IO Buffers                     : YES
Global Maximum Fanout              : 500
Add Generic Clock Buffer(BUFG)     : 24
Register Duplication               : YES
Slice Packing                      : YES
Optimize Instantiated Primitives   : NO
Use Clock Enable                   : Yes
Use Synchronous Set                : Yes
Use Synchronous Reset              : Yes
Pack IO Registers into IOBs        : Auto
Equivalent register Removal        : YES

---- General Options
Optimization Goal                  : Speed
Optimization Effort                : 1
Keep Hierarchy                     : No
Netlist Hierarchy                  : As_Optimized
RTL Output                         : Yes
Global Optimization                : AllClockNets
Read Cores                         : YES
Write Timing Constraints           : NO
Cross Clock Analysis               : NO
Hierarchy Separator                : /
Bus Delimiter                      : <>
Case Specifier                     : Maintain
Slice Utilization Ratio            : 100
BRAM Utilization Ratio             : 100
Verilog 2001                       : YES
Auto BRAM Packing                  : NO
Slice Utilization Ratio Delta      : 5

=========================================================================


=========================================================================
*                          HDL Compilation                              *
=========================================================================
Compiling verilog file "../rxtx.v" in library work
Module <rxtx> compiled
Module <Rxx> compiled
Module <RxDly> compiled
Module <RxChange> compiled
Module <RxCnt> compiled
Module <RxEn> compiled
Module <DataVld> compiled
Module <DataCnt> compiled
Module <RxData> compiled
Module <RxVld> compiled
Module <TxRdyData> compiled
Module <TranVld> compiled
Module <TranCnt> compiled
Module <TxD> compiled
Compiling verilog file "pll.v" in library work
Module <TxRdy> compiled
Compiling verilog file "../uart_x.v" in library work
Module <pll> compiled
Module <uart_x> compiled
Module <RxAddr> compiled
Module <StartRising> compiled
Module <TxRdyRising> compiled
Module <TxFlag> compiled
Module <TxAddr> compiled
Module <RdEn> compiled
Module <RAM> compiled
Module <TxEn> compiled
Module <TxVld> compiled
Module <TxData> compiled
No errors in compilation
Analysis of file <"TxAddr.prj"> succeeded.
 

=========================================================================
*                     Design Hierarchy Analysis                         *
=========================================================================
Analyzing hierarchy for module <TxAddr> in library <work>.


=========================================================================
*                            HDL Analysis                               *
=========================================================================
Analyzing top module <TxAddr>.
Module <TxAddr> is correct for synthesis.
 

=========================================================================
*                           HDL Synthesis                               *
=========================================================================

Performing bidirectional port resolution...

Synthesizing Unit <TxAddr>.
    Related source file is "../uart_x.v".
    Found 10-bit register for signal <tx_addr>.
    Found 10-bit adder for signal <tx_addr$addsub0000> created at line 112.
    Summary:
	inferred  10 D-type flip-flop(s).
	inferred   1 Adder/Subtractor(s).
Unit <TxAddr> synthesized.


=========================================================================
HDL Synthesis Report

Macro Statistics
# Adders/Subtractors                                   : 1
 10-bit adder                                          : 1
# Registers                                            : 1
 10-bit register                                       : 1

=========================================================================

=========================================================================
*                       Advanced HDL Synthesis                          *
=========================================================================


=========================================================================
Advanced HDL Synthesis Report

Macro Statistics
# Adders/Subtractors                                   : 1
 10-bit adder                                          : 1
# Registers                                            : 10
 Flip-Flops                                            : 10

=========================================================================

=========================================================================
*                         Low Level Synthesis                           *
=========================================================================

Optimizing unit <TxAddr> ...

Mapping all equations...
Building and optimizing final netlist ...
Found area constraint ratio of 100 (+ 5) on block TxAddr, actual ratio is 0.

Final Macro Processing ...

=========================================================================
Final Register Report

Macro Statistics
# Registers                                            : 10
 Flip-Flops                                            : 10

=========================================================================

=========================================================================
*                           Partition Report                            *
=========================================================================

Partition Implementation Status
-------------------------------

  No Partitions were found in this design.

-------------------------------

=========================================================================
*                            Final Report                               *
=========================================================================
Final Results
RTL Top Level Output File Name     : TxAddr.ngr
Top Level Output File Name         : TxAddr
Output Format                      : NGC
Optimization Goal                  : Speed
Keep Hierarchy                     : No

Design Statistics
# IOs                              : 15

Cell Usage :
# BELS                             : 42
#      GND                         : 1
#      INV                         : 1
#      LUT1                        : 9
#      LUT2                        : 10
#      LUT3                        : 1
#      MUXCY                       : 9
#      VCC                         : 1
#      XORCY                       : 10
# FlipFlops/Latches                : 10
#      FDCE                        : 10
# Clock Buffers                    : 1
#      BUFGP                       : 1
# IO Buffers                       : 14
#      IBUF                        : 4
#      OBUF                        : 10
=========================================================================

Device utilization summary:
---------------------------

Selected Device : 3s500efg320-4 

 Number of Slices:                       11  out of   4656     0%  
 Number of Slice Flip Flops:             10  out of   9312     0%  
 Number of 4 input LUTs:                 21  out of   9312     0%  
 Number of IOs:                          15
 Number of bonded IOBs:                  15  out of    232     6%  
 Number of GCLKs:                         1  out of     24     4%  

---------------------------
Partition Resource Summary:
---------------------------

  No Partitions were found in this design.

---------------------------


=========================================================================
TIMING REPORT

NOTE: THESE TIMING NUMBERS ARE ONLY A SYNTHESIS ESTIMATE.
      FOR ACCURATE TIMING INFORMATION PLEASE REFER TO THE TRACE REPORT
      GENERATED AFTER PLACE-and-ROUTE.

Clock Information:
------------------
-----------------------------------+------------------------+-------+
Clock Signal                       | Clock buffer(FF name)  | Load  |
-----------------------------------+------------------------+-------+
clk                                | BUFGP                  | 10    |
-----------------------------------+------------------------+-------+

Asynchronous Control Signals Information:
----------------------------------------
-----------------------------------+------------------------+-------+
Control Signal                     | Buffer(FF name)        | Load  |
-----------------------------------+------------------------+-------+
rst                                | IBUF                   | 10    |
-----------------------------------+------------------------+-------+

Timing Summary:
---------------
Speed Grade: -4

   Minimum period: 5.109ns (Maximum Frequency: 195.733MHz)
   Minimum input arrival time before clock: 4.467ns
   Maximum output required time after clock: 4.310ns
   Maximum combinational path delay: No path found

Timing Detail:
--------------
All values displayed in nanoseconds (ns)

=========================================================================
Timing constraint: Default period analysis for Clock 'clk'
  Clock period: 5.109ns (frequency: 195.733MHz)
  Total number of paths / destination ports: 55 / 10
-------------------------------------------------------------------------
Delay:               5.109ns (Levels of Logic = 11)
  Source:            tx_addr_1 (FF)
  Destination:       tx_addr_9 (FF)
  Source Clock:      clk rising
  Destination Clock: clk rising

  Data Path: tx_addr_1 to tx_addr_9
                                Gate     Net
    Cell:in->out      fanout   Delay   Delay  Logical Name (Net Name)
    ----------------------------------------  ------------
     FDCE:C->Q             2   0.591   0.622  tx_addr_1 (tx_addr_1)
     LUT1:I0->O            1   0.704   0.000  Madd_tx_addr_addsub0000_cy<1>_rt (Madd_tx_addr_addsub0000_cy<1>_rt)
     MUXCY:S->O            1   0.464   0.000  Madd_tx_addr_addsub0000_cy<1> (Madd_tx_addr_addsub0000_cy<1>)
     MUXCY:CI->O           1   0.059   0.000  Madd_tx_addr_addsub0000_cy<2> (Madd_tx_addr_addsub0000_cy<2>)
     MUXCY:CI->O           1   0.059   0.000  Madd_tx_addr_addsub0000_cy<3> (Madd_tx_addr_addsub0000_cy<3>)
     MUXCY:CI->O           1   0.059   0.000  Madd_tx_addr_addsub0000_cy<4> (Madd_tx_addr_addsub0000_cy<4>)
     MUXCY:CI->O           1   0.059   0.000  Madd_tx_addr_addsub0000_cy<5> (Madd_tx_addr_addsub0000_cy<5>)
     MUXCY:CI->O           1   0.059   0.000  Madd_tx_addr_addsub0000_cy<6> (Madd_tx_addr_addsub0000_cy<6>)
     MUXCY:CI->O           1   0.059   0.000  Madd_tx_addr_addsub0000_cy<7> (Madd_tx_addr_addsub0000_cy<7>)
     MUXCY:CI->O           0   0.059   0.000  Madd_tx_addr_addsub0000_cy<8> (Madd_tx_addr_addsub0000_cy<8>)
     XORCY:CI->O           1   0.804   0.499  Madd_tx_addr_addsub0000_xor<9> (tx_addr_addsub0000<9>)
     LUT2:I1->O            1   0.704   0.000  tx_addr_mux0000<0>1 (tx_addr_mux0000<0>)
     FDCE:D                    0.308          tx_addr_9
    ----------------------------------------
    Total                      5.109ns (3.988ns logic, 1.121ns route)
                                       (78.1% logic, 21.9% route)

=========================================================================
Timing constraint: Default OFFSET IN BEFORE for Clock 'clk'
  Total number of paths / destination ports: 31 / 20
-------------------------------------------------------------------------
Offset:              4.467ns (Levels of Logic = 2)
  Source:            tx_flag (PAD)
  Destination:       tx_addr_0 (FF)
  Destination Clock: clk rising

  Data Path: tx_flag to tx_addr_0
                                Gate     Net
    Cell:in->out      fanout   Delay   Delay  Logical Name (Net Name)
    ----------------------------------------  ------------
     IBUF:I->O            11   1.218   1.108  tx_flag_IBUF (tx_flag_IBUF)
     LUT2:I0->O           10   0.704   0.882  tx_addr_not00011 (tx_addr_not0001)
     FDCE:CE                   0.555          tx_addr_0
    ----------------------------------------
    Total                      4.467ns (2.477ns logic, 1.990ns route)
                                       (55.5% logic, 44.5% route)

=========================================================================
Timing constraint: Default OFFSET OUT AFTER for Clock 'clk'
  Total number of paths / destination ports: 10 / 10
-------------------------------------------------------------------------
Offset:              4.310ns (Levels of Logic = 1)
  Source:            tx_addr_9 (FF)
  Destination:       tx_addr<9> (PAD)
  Source Clock:      clk rising

  Data Path: tx_addr_9 to tx_addr<9>
                                Gate     Net
    Cell:in->out      fanout   Delay   Delay  Logical Name (Net Name)
    ----------------------------------------  ------------
     FDCE:C->Q             2   0.591   0.447  tx_addr_9 (tx_addr_9)
     OBUF:I->O                 3.272          tx_addr_9_OBUF (tx_addr<9>)
    ----------------------------------------
    Total                      4.310ns (3.863ns logic, 0.447ns route)
                                       (89.6% logic, 10.4% route)

=========================================================================


Total REAL time to Xst completion: 4.00 secs
Total CPU time to Xst completion: 3.92 secs
 
--> 

Total memory usage is 189952 kilobytes

Number of errors   :    0 (   0 filtered)
Number of warnings :    0 (   0 filtered)
Number of infos    :    0 (   0 filtered)

